<?xml version="1.0" encoding="UTF-8"?>
<testng-results ignored="0" total="3" passed="3" failed="0" skipped="0">
    <reporter-output>
    </reporter-output>
    <suite started-at="2024-10-16T18:44:44 PKT" name="Default Suite" finished-at="2024-10-16T18:45:11 PKT"
           duration-ms="27370">
        <groups>
        </groups>
        <test started-at="2024-10-16T18:44:44 PKT" name="OrangeHRM" finished-at="2024-10-16T18:45:11 PKT"
              duration-ms="27370">
            <class name="testcases.LoginPagetest">
                <test-method is-config="true" signature="loadConfig()[pri:0, instance:testcases.LoginPagetest@4df50bcc]"
                             started-at="2024-10-16T18:44:44 PKT" name="loadConfig"
                             finished-at="2024-10-16T18:44:44 PKT" duration-ms="20" status="PASS">
                    <reporter-output>
                    </reporter-output>
                </test-method> <!-- loadConfig -->
                <test-method is-config="true" signature="loginpage()[pri:0, instance:testcases.LoginPagetest@4df50bcc]"
                             started-at="2024-10-16T18:44:44 PKT" name="loginpage" finished-at="2024-10-16T18:44:48 PKT"
                             duration-ms="4118" status="PASS">
                    <reporter-output>
                    </reporter-output>
                </test-method> <!-- loginpage -->
                <test-method signature="login()[pri:1, instance:testcases.LoginPagetest@4df50bcc]"
                             started-at="2024-10-16T18:44:48 PKT" name="login" finished-at="2024-10-16T18:44:50 PKT"
                             duration-ms="2341" status="PASS">
                    <reporter-output>
                    </reporter-output>
                </test-method> <!-- login -->
                <test-method is-config="true" signature="teardown()[pri:0, instance:testcases.LoginPagetest@4df50bcc]"
                             started-at="2024-10-16T18:44:50 PKT" name="teardown" finished-at="2024-10-16T18:44:51 PKT"
                             duration-ms="878" status="PASS">
                    <reporter-output>
                    </reporter-output>
                </test-method> <!-- teardown -->
                <test-method is-config="true" signature="loginpage()[pri:0, instance:testcases.LoginPagetest@4df50bcc]"
                             started-at="2024-10-16T18:44:51 PKT" name="loginpage" finished-at="2024-10-16T18:45:00 PKT"
                             duration-ms="9239" status="PASS">
                    <reporter-output>
                    </reporter-output>
                </test-method> <!-- loginpage -->
                <test-method signature="validatelogotest()[pri:2, instance:testcases.LoginPagetest@4df50bcc]"
                             started-at="2024-10-16T18:45:00 PKT" name="validatelogotest"
                             finished-at="2024-10-16T18:45:03 PKT" duration-ms="2488" status="PASS">
                    <reporter-output>
                    </reporter-output>
                </test-method> <!-- validatelogotest -->
                <test-method is-config="true" signature="teardown()[pri:0, instance:testcases.LoginPagetest@4df50bcc]"
                             started-at="2024-10-16T18:45:03 PKT" name="teardown" finished-at="2024-10-16T18:45:03 PKT"
                             duration-ms="437" status="PASS">
                    <reporter-output>
                    </reporter-output>
                </test-method> <!-- teardown -->
                <test-method is-config="true" signature="loginpage()[pri:0, instance:testcases.LoginPagetest@4df50bcc]"
                             started-at="2024-10-16T18:45:03 PKT" name="loginpage" finished-at="2024-10-16T18:45:09 PKT"
                             duration-ms="6009" status="PASS">
                    <reporter-output>
                    </reporter-output>
                </test-method> <!-- loginpage -->
                <test-method signature="logintopagetest()[pri:3, instance:testcases.LoginPagetest@4df50bcc]"
                             started-at="2024-10-16T18:45:09 PKT" name="logintopagetest"
                             finished-at="2024-10-16T18:45:11 PKT" duration-ms="1475" status="PASS">
                    <reporter-output>
                    </reporter-output>
                </test-method> <!-- logintopagetest -->
                <test-method is-config="true" signature="teardown()[pri:0, instance:testcases.LoginPagetest@4df50bcc]"
                             started-at="2024-10-16T18:45:11 PKT" name="teardown" finished-at="2024-10-16T18:45:11 PKT"
                             duration-ms="287" status="PASS">
                    <reporter-output>
                    </reporter-output>
                </test-method> <!-- teardown -->
            </class> <!-- testcases.LoginPagetest -->
        </test> <!-- OrangeHRM -->
    </suite> <!-- Default Suite -->
</testng-results>
